This is pdfTeX, Version 3.14159265-2.6-1.40.20 (MiKTeX 2.9.7250 64-bit) (preloaded format=pdflatex 2019.11.21)  31 DEC 2019 12:28
entering extended mode
**"c:/Users/Admin/OneDrive/Documents/Machine Learning/Machine Learning Crib Sheet/Machine Learning/MachineLearning.tex"
("c:/Users/Admin/OneDrive/Documents/Machine Learning/Machine Learning Crib Sheet/Machine Learning/MachineLearning.tex"
LaTeX2e <2019-10-01> patch level 3
("C:\Program Files\MiKTeX 2.9\tex/latex/base\article.cls"
Document Class: article 2019/10/25 v1.4k Standard LaTeX document class
("C:\Program Files\MiKTeX 2.9\tex/latex/base\size11.clo"
File: size11.clo 2019/10/25 v1.4k Standard LaTeX file (size option)
)
\c@part=\count80
\c@section=\count81
\c@subsection=\count82
\c@subsubsection=\count83
\c@paragraph=\count84
\c@subparagraph=\count85
\c@figure=\count86
\c@table=\count87
\abovecaptionskip=\skip41
\belowcaptionskip=\skip42
\bibindent=\dimen102
) ("C:\Program Files\MiKTeX 2.9\tex/latex/base\inputenc.sty"
Package: inputenc 2018/08/11 v1.3c Input encoding file
\inpenc@prehook=\toks14
\inpenc@posthook=\toks15
) ("C:\Program Files\MiKTeX 2.9\tex/latex/geometry\geometry.sty"
Package: geometry 2018/04/16 v5.8 Page Geometry
 ("C:\Program Files\MiKTeX 2.9\tex/latex/graphics\keyval.sty"
Package: keyval 2014/10/28 v1.15 key=value parser (DPC)
\KV@toks@=\toks16
) ("C:\Program Files\MiKTeX 2.9\tex/generic/iftex\ifpdf.sty"
Package: ifpdf 2019/10/25 v3.4 ifpdf legacy package. Use iftex instead.
 ("C:\Program Files\MiKTeX 2.9\tex/generic/iftex\iftex.sty"
Package: iftex 2019/11/07 v1.0c TeX engine tests
)) ("C:\Program Files\MiKTeX 2.9\tex/generic/iftex\ifvtex.sty"
Package: ifvtex 2019/10/25 v1.7 ifvtex legacy package. Use iftex instead.
) ("C:\Program Files\MiKTeX 2.9\tex/generic/iftex\ifxetex.sty"
Package: ifxetex 2019/10/25 v0.7 ifxetex legacy package. Use iftex instead.
)
\Gm@cnth=\count88
\Gm@cntv=\count89
\c@Gm@tempcnt=\count90
\Gm@bindingoffset=\dimen103
\Gm@wd@mp=\dimen104
\Gm@odd@mp=\dimen105
\Gm@even@mp=\dimen106
\Gm@layoutwidth=\dimen107
\Gm@layoutheight=\dimen108
\Gm@layouthoffset=\dimen109
\Gm@layoutvoffset=\dimen110
\Gm@dimlist=\toks17
 ("C:\Program Files\MiKTeX 2.9\tex/latex/geometry\geometry.cfg")) ("C:\Program Files\MiKTeX 2.9\tex/latex/setspace\setspace.sty"
Package: setspace 2011/12/19 v6.7a set line spacing
) ("C:\Program Files\MiKTeX 2.9\tex/latex/minted\minted.sty"
Package: minted 2017/07/19 v2.5 Yet another Pygments shim for LaTeX
 ("C:\Program Files\MiKTeX 2.9\tex/latex/oberdiek\kvoptions.sty"
Package: kvoptions 2016/05/16 v3.12 Key value format for package options (HO)
 ("C:\Program Files\MiKTeX 2.9\tex/generic/oberdiek\ltxcmds.sty"
Package: ltxcmds 2016/05/16 v1.23 LaTeX kernel commands for general use (HO)
) ("C:\Program Files\MiKTeX 2.9\tex/generic/oberdiek\kvsetkeys.sty"
Package: kvsetkeys 2016/05/16 v1.17 Key value parser (HO)
 ("C:\Program Files\MiKTeX 2.9\tex/generic/oberdiek\infwarerr.sty"
Package: infwarerr 2016/05/16 v1.4 Providing info/warning/error messages (HO)
) ("C:\Program Files\MiKTeX 2.9\tex/generic/oberdiek\etexcmds.sty"
Package: etexcmds 2016/05/16 v1.6 Avoid name clashes with e-TeX commands (HO)
 ("C:\Program Files\MiKTeX 2.9\tex/generic/iftex\ifluatex.sty"
Package: ifluatex 2019/10/25 v1.5 ifluatex legacy package. Use iftex instead.
)))) ("C:\Program Files\MiKTeX 2.9\tex/latex/fvextra\fvextra.sty"
Package: fvextra 2019/02/04 v1.4 fvextra - extensions and patches for fancyvrb
 ("C:\Program Files\MiKTeX 2.9\tex/latex/base\ifthen.sty"
Package: ifthen 2014/09/29 v1.1c Standard LaTeX ifthen package (DPC)
) ("C:\Program Files\MiKTeX 2.9\tex/latex/etoolbox\etoolbox.sty"
Package: etoolbox 2019/09/21 v2.5h e-TeX tools for LaTeX (JAW)
\etb@tempcnta=\count91
) ("C:\Program Files\MiKTeX 2.9\tex/latex/fancyvrb\fancyvrb.sty"
Package: fancyvrb 2019/11/09
 Style option: `fancyvrb' v3.4 <2019/11/09> (tvz)
\FV@CodeLineNo=\count92
\FV@InFile=\read1
\FV@TabBox=\box27
\c@FancyVerbLine=\count93
\FV@StepNumber=\count94
\FV@OutFile=\write3
) ("C:\Program Files\MiKTeX 2.9\tex/latex/upquote\upquote.sty"
Package: upquote 2012/04/19 v1.3 upright-quote and grave-accent glyphs in verbatim
) ("C:\Program Files\MiKTeX 2.9\tex/latex/lineno\lineno.sty"
Package: lineno 2005/11/02 line numbers on paragraphs v4.41
\linenopenalty=\count95
\output=\toks18
\linenoprevgraf=\count96
\linenumbersep=\dimen111
\linenumberwidth=\dimen112
\c@linenumber=\count97
\c@pagewiselinenumber=\count98
\c@LN@truepage=\count99
\c@internallinenumber=\count100
\c@internallinenumbers=\count101
\quotelinenumbersep=\dimen113
\bframerule=\dimen114
\bframesep=\dimen115
\bframebox=\box28
LaTeX Info: Redefining \\ on input line 3056.
)
\c@FV@TrueTabGroupLevel=\count102
\c@FV@TrueTabCounter=\count103
\FV@TabBox@Group=\box29
\FV@TmpLength=\skip43
\c@FV@HighlightLinesStart=\count104
\c@FV@HighlightLinesStop=\count105
\FV@LoopCount=\count106
\FV@NCharsBox=\box30
\FV@BreakIndent=\dimen116
\FV@BreakIndentNChars=\count107
\FV@BreakSymbolSepLeft=\dimen117
\FV@BreakSymbolSepLeftNChars=\count108
\FV@BreakSymbolSepRight=\dimen118
\FV@BreakSymbolSepRightNChars=\count109
\FV@BreakSymbolIndentLeft=\dimen119
\FV@BreakSymbolIndentLeftNChars=\count110
\FV@BreakSymbolIndentRight=\dimen120
\FV@BreakSymbolIndentRightNChars=\count111
\c@FancyVerbLineBreakLast=\count112
\FV@LineBox=\box31
\FV@LineIndentBox=\box32
\FV@LineWidth=\dimen121
) ("C:\Program Files\MiKTeX 2.9\tex/latex/tools\calc.sty"
Package: calc 2017/05/25 v4.3 Infix arithmetic (KKT,FJ)
\calc@Acount=\count113
\calc@Bcount=\count114
\calc@Adimen=\dimen122
\calc@Bdimen=\dimen123
\calc@Askip=\skip44
\calc@Bskip=\skip45
LaTeX Info: Redefining \setlength on input line 80.
LaTeX Info: Redefining \addtolength on input line 81.
\calc@Ccount=\count115
\calc@Cskip=\skip46
) ("C:\Program Files\MiKTeX 2.9\tex/latex/tools\shellesc.sty"
Package: shellesc 2019/11/08 v1.0c unified shell escape interface for LaTeX
Package shellesc Info: Unrestricted shell escape enabled on input line 75.
) ("C:\Program Files\MiKTeX 2.9\tex/latex/ifplatform\ifplatform.sty"
Package: ifplatform 2017/10/13 v0.4a Testing for the operating system
 ("C:\Program Files\MiKTeX 2.9\tex/generic/oberdiek\pdftexcmds.sty"
Package: pdftexcmds 2019/07/25 v0.30 Utility functions of pdfTeX for LuaTeX (HO)
Package pdftexcmds Info: LuaTeX not detected.
Package pdftexcmds Info: \pdf@primitive is available.
Package pdftexcmds Info: \pdf@ifprimitive is available.
Package pdftexcmds Info: \pdfdraftmode found.
) ("C:\Program Files\MiKTeX 2.9\tex/generic/oberdiek\catchfile.sty"
Package: catchfile 2016/05/16 v1.7 Catch the contents of a file (HO)
)) ("C:\Program Files\MiKTeX 2.9\tex/latex/xstring\xstring.sty" ("C:\Program Files\MiKTeX 2.9\tex/generic/xstring\xstring.tex"
\integerpart=\count116
\decimalpart=\count117
)
Package: xstring 2019/02/06 v1.83 String manipulations (CT)
) ("C:\Program Files\MiKTeX 2.9\tex/latex/framed\framed.sty"
Package: framed 2011/10/22 v 0.96: framed or shaded text with page breaks
\OuterFrameSep=\skip47
\fb@frw=\dimen124
\fb@frh=\dimen125
\FrameRule=\dimen126
\FrameSep=\dimen127
) ("C:\Program Files\MiKTeX 2.9\tex/latex/float\float.sty"
Package: float 2001/11/08 v1.3d Float enhancements (AL)
\c@float@type=\count118
\float@exts=\toks19
\float@box=\box33
\@float@everytoks=\toks20
\@floatcapt=\box34
)
\minted@appexistsfile=\read2
\minted@bgbox=\box35
\minted@code=\write4
\c@minted@FancyVerbLineTemp=\count119
\c@minted@pygmentizecounter=\count120
\@float@every@listing=\toks21
\c@listing=\count121
) ("C:\Program Files\MiKTeX 2.9\tex/latex/caption\caption.sty"
Package: caption 2019/09/01 v3.3d Customizing captions (AR)
 ("C:\Program Files\MiKTeX 2.9\tex/latex/caption\caption3.sty"
Package: caption3 2019/09/01 v1.8d caption3 kernel (AR)
Package caption3 Info: TeX engine: e-TeX on input line 64.
\captionmargin=\dimen128
\captionmargin@=\dimen129
\captionwidth=\dimen130
\caption@tempdima=\dimen131
\caption@indent=\dimen132
\caption@parindent=\dimen133
\caption@hangindent=\dimen134
)
\c@caption@flags=\count122
\c@ContinuedFloat=\count123
Package caption Info: float package is loaded.
) ("C:\Program Files\MiKTeX 2.9\tex/latex/amsmath\amsmath.sty"
Package: amsmath 2019/11/16 v2.17d AMS math features
\@mathmargin=\skip48

For additional information on amsmath, use the `?' option.
("C:\Program Files\MiKTeX 2.9\tex/latex/amsmath\amstext.sty"
Package: amstext 2000/06/29 v2.01 AMS text
 ("C:\Program Files\MiKTeX 2.9\tex/latex/amsmath\amsgen.sty"
File: amsgen.sty 1999/11/30 v2.0 generic functions
\@emptytoks=\toks22
\ex@=\dimen135
)) ("C:\Program Files\MiKTeX 2.9\tex/latex/amsmath\amsbsy.sty"
Package: amsbsy 1999/11/29 v1.2d Bold Symbols
\pmbraise@=\dimen136
) ("C:\Program Files\MiKTeX 2.9\tex/latex/amsmath\amsopn.sty"
Package: amsopn 2016/03/08 v2.02 operator names
)
\inf@bad=\count124
LaTeX Info: Redefining \frac on input line 227.
\uproot@=\count125
\leftroot@=\count126
LaTeX Info: Redefining \overline on input line 389.
\classnum@=\count127
\DOTSCASE@=\count128
LaTeX Info: Redefining \ldots on input line 486.
LaTeX Info: Redefining \dots on input line 489.
LaTeX Info: Redefining \cdots on input line 610.
\Mathstrutbox@=\box36
\strutbox@=\box37
\big@size=\dimen137
LaTeX Font Info:    Redeclaring font encoding OML on input line 733.
LaTeX Font Info:    Redeclaring font encoding OMS on input line 734.
\macc@depth=\count129
\c@MaxMatrixCols=\count130
\dotsspace@=\muskip10
\c@parentequation=\count131
\dspbrk@lvl=\count132
\tag@help=\toks23
\row@=\count133
\column@=\count134
\maxfields@=\count135
\andhelp@=\toks24
\eqnshift@=\dimen138
\alignsep@=\dimen139
\tagshift@=\dimen140
\tagwidth@=\dimen141
\totwidth@=\dimen142
\lineht@=\dimen143
\@envbody=\toks25
\multlinegap=\skip49
\multlinetaggap=\skip50
\mathdisplay@stack=\toks26
LaTeX Info: Redefining \[ on input line 2858.
LaTeX Info: Redefining \] on input line 2859.
) ("C:\Program Files\MiKTeX 2.9\tex/latex/amsfonts\amssymb.sty"
Package: amssymb 2013/01/14 v3.01 AMS font symbols
 ("C:\Program Files\MiKTeX 2.9\tex/latex/amsfonts\amsfonts.sty"
Package: amsfonts 2013/01/14 v3.01 Basic AMSFonts support
\symAMSa=\mathgroup4
\symAMSb=\mathgroup5
LaTeX Font Info:    Redeclaring math symbol \hbar on input line 98.
LaTeX Font Info:    Overwriting math alphabet `\mathfrak' in version `bold'
(Font)                  U/euf/m/n --> U/euf/b/n on input line 106.
)) ("C:\Program Files\MiKTeX 2.9\tex/latex/graphics\graphicx.sty"
Package: graphicx 2017/06/01 v1.1a Enhanced LaTeX Graphics (DPC,SPQR)
 ("C:\Program Files\MiKTeX 2.9\tex/latex/graphics\graphics.sty"
Package: graphics 2019/11/01 v1.3d Standard LaTeX Graphics (DPC,SPQR)
 ("C:\Program Files\MiKTeX 2.9\tex/latex/graphics\trig.sty"
Package: trig 2016/01/03 v1.10 sin cos tan (DPC)
) ("C:\Program Files\MiKTeX 2.9\tex/latex/graphics-cfg\graphics.cfg"
File: graphics.cfg 2016/06/04 v1.11 sample graphics configuration
)
Package graphics Info: Driver file: pdftex.def on input line 105.
 ("C:\Program Files\MiKTeX 2.9\tex/latex/graphics-def\pdftex.def"
File: pdftex.def 2018/01/08 v1.0l Graphics/color driver for pdftex
))
\Gin@req@height=\dimen144
\Gin@req@width=\dimen145
) ("C:\Program Files\MiKTeX 2.9\tex/latex/hyperref\hyperref.sty"
Package: hyperref 2019/11/10 v7.00c Hypertext links for LaTeX
 ("C:\Program Files\MiKTeX 2.9\tex/generic/oberdiek\kvdefinekeys.sty"
Package: kvdefinekeys 2016/05/16 v1.4 Define keys (HO)
) ("C:\Program Files\MiKTeX 2.9\tex/generic/oberdiek\pdfescape.sty"
Package: pdfescape 2016/05/16 v1.14 Implements pdfTeX's escape features (HO)
) ("C:\Program Files\MiKTeX 2.9\tex/latex/oberdiek\hycolor.sty"
Package: hycolor 2016/05/16 v1.8 Color options for hyperref/bookmark (HO)
 ("C:\Program Files\MiKTeX 2.9\tex/latex/oberdiek\xcolor-patch.sty"
Package: xcolor-patch 2016/05/16 xcolor patch
 ("C:\Program Files\MiKTeX 2.9\tex/latex/oberdiek\hopatch.sty"
Package: hopatch 2016/05/16 v1.3 Wrapper for package hooks (HO)
))) ("C:\Program Files\MiKTeX 2.9\tex/latex/oberdiek\letltxmacro.sty"
Package: letltxmacro 2016/05/16 v1.5 Let assignment for LaTeX macros (HO)
) ("C:\Program Files\MiKTeX 2.9\tex/latex/oberdiek\auxhook.sty"
Package: auxhook 2016/05/16 v1.4 Hooks for auxiliary files (HO)
)
\@linkdim=\dimen146
\Hy@linkcounter=\count136
\Hy@pagecounter=\count137
 ("C:\Program Files\MiKTeX 2.9\tex/latex/hyperref\pd1enc.def"
File: pd1enc.def 2019/11/10 v7.00c Hyperref: PDFDocEncoding definition (HO)
Now handling font encoding PD1 ...
... no UTF-8 mapping file for font encoding PD1
) ("C:\Program Files\MiKTeX 2.9\tex/generic/oberdiek\intcalc.sty"
Package: intcalc 2016/05/16 v1.2 Expandable calculations with integers (HO)
)
\Hy@SavedSpaceFactor=\count138
 ("C:\Program Files\MiKTeX 2.9\tex/latex/00miktex\hyperref.cfg"
File: hyperref.cfg 2002/06/06 v1.2 hyperref configuration of TeXLive
)
Package hyperref Info: Option `colorlinks' set `true' on input line 4409.
Package hyperref Info: Hyper figures OFF on input line 4535.
Package hyperref Info: Link nesting OFF on input line 4540.
Package hyperref Info: Hyper index ON on input line 4543.
Package hyperref Info: Plain pages OFF on input line 4550.
Package hyperref Info: Backreferencing OFF on input line 4555.
Package hyperref Info: Implicit mode ON; LaTeX internals redefined.
Package hyperref Info: Bookmarks ON on input line 4788.
\c@Hy@tempcnt=\count139
 ("C:\Program Files\MiKTeX 2.9\tex/latex/url\url.sty"
\Urlmuskip=\muskip11
Package: url 2013/09/16  ver 3.4  Verb mode for urls, etc.
)
LaTeX Info: Redefining \url on input line 5147.
\XeTeXLinkMargin=\dimen147
 ("C:\Program Files\MiKTeX 2.9\tex/generic/oberdiek\bitset.sty"
Package: bitset 2016/05/16 v1.2 Handle bit-vector datatype (HO)
 ("C:\Program Files\MiKTeX 2.9\tex/generic/oberdiek\bigintcalc.sty"
Package: bigintcalc 2016/05/16 v1.4 Expandable calculations on big integers (HO)
))
\Fld@menulength=\count140
\Field@Width=\dimen148
\Fld@charsize=\dimen149
Package hyperref Info: Hyper figures OFF on input line 6418.
Package hyperref Info: Link nesting OFF on input line 6423.
Package hyperref Info: Hyper index ON on input line 6426.
Package hyperref Info: backreferencing OFF on input line 6433.
Package hyperref Info: Link coloring ON on input line 6436.
Package hyperref Info: Link coloring with OCG OFF on input line 6443.
Package hyperref Info: PDF/A mode OFF on input line 6448.
LaTeX Info: Redefining \ref on input line 6488.
LaTeX Info: Redefining \pageref on input line 6492.
 ("C:\Program Files\MiKTeX 2.9\tex/generic/oberdiek\atbegshi.sty"
Package: atbegshi 2016/06/09 v1.18 At begin shipout hook (HO)
)
\Hy@abspage=\count141
\c@Item=\count142
\c@Hfootnote=\count143
)
Package hyperref Info: Driver (autodetected): hpdftex.
 ("C:\Program Files\MiKTeX 2.9\tex/latex/hyperref\hpdftex.def"
File: hpdftex.def 2019/11/10 v7.00c Hyperref driver for pdfTeX
 ("C:\Program Files\MiKTeX 2.9\tex/latex/oberdiek\atveryend.sty"
Package: atveryend 2016/05/16 v1.9 Hooks at the very end of document (HO)
)
\Fld@listcount=\count144
\c@bookmark@seq@number=\count145
 ("C:\Program Files\MiKTeX 2.9\tex/latex/oberdiek\rerunfilecheck.sty"
Package: rerunfilecheck 2016/05/16 v1.8 Rerun checks for auxiliary files (HO)
 ("C:\Program Files\MiKTeX 2.9\tex/generic/oberdiek\uniquecounter.sty"
Package: uniquecounter 2016/05/16 v1.3 Provide unlimited unique counter (HO)
)
Package uniquecounter Info: New unique counter `rerunfilecheck' on input line 285.
)
\Hy@SectionHShift=\skip51
) ("C:\Program Files\MiKTeX 2.9\tex/latex/mathtools\mathtools.sty"
Package: mathtools 2019/07/31 v1.22 mathematical typesetting tools
 ("C:\Program Files\MiKTeX 2.9\tex/latex/mathtools\mhsetup.sty"
Package: mhsetup 2017/03/31 v1.3 programming setup (MH)
)
LaTeX Info: Thecontrolsequence`\('isalreadyrobust on input line 129.
LaTeX Info: Thecontrolsequence`\)'isalreadyrobust on input line 129.
LaTeX Info: Thecontrolsequence`\['isalreadyrobust on input line 129.
LaTeX Info: Thecontrolsequence`\]'isalreadyrobust on input line 129.
\g_MT_multlinerow_int=\count146
\l_MT_multwidth_dim=\dimen150
\origjot=\skip52
\l_MT_shortvdotswithinadjustabove_dim=\dimen151
\l_MT_shortvdotswithinadjustbelow_dim=\dimen152
\l_MT_above_intertext_sep=\dimen153
\l_MT_below_intertext_sep=\dimen154
\l_MT_above_shortintertext_sep=\dimen155
\l_MT_below_shortintertext_sep=\dimen156
) ("C:\Program Files\MiKTeX 2.9\tex/latex/commath\commath.sty") ("C:\Program Files\MiKTeX 2.9\tex/latex/microtype\microtype.sty"
Package: microtype 2019/11/18 v2.7d Micro-typographical refinements (RS)
\MT@toks=\toks27
\MT@count=\count147
LaTeX Info: Redefining \textls on input line 790.
\MT@outer@kern=\dimen157
LaTeX Info: Redefining \textmicrotypecontext on input line 1354.
\MT@listname@count=\count148
 ("C:\Program Files\MiKTeX 2.9\tex/latex/microtype\microtype-pdftex.def"
File: microtype-pdftex.def 2019/11/18 v2.7d Definitions specific to pdftex (RS)
LaTeX Info: Redefining \lsstyle on input line 914.
LaTeX Info: Redefining \lslig on input line 914.
\MT@outer@space=\skip53
)
Package microtype Info: Loading configuration file microtype.cfg.
 ("C:\Program Files\MiKTeX 2.9\tex/latex/microtype\microtype.cfg"
File: microtype.cfg 2019/11/18 v2.7d microtype main configuration file (RS)
)) ("C:\Program Files\MiKTeX 2.9\tex/latex/xcolor\xcolor.sty"
Package: xcolor 2016/05/11 v2.12 LaTeX color extensions (UK)
 ("C:\Program Files\MiKTeX 2.9\tex/latex/graphics-cfg\color.cfg"
File: color.cfg 2016/01/02 v1.6 sample color configuration
)
Package xcolor Info: Driver file: pdftex.def on input line 225.
Package xcolor Info: Model `cmy' substituted by `cmy0' on input line 1348.
Package xcolor Info: Model `hsb' substituted by `rgb' on input line 1352.
Package xcolor Info: Model `RGB' extended on input line 1364.
Package xcolor Info: Model `HTML' substituted by `rgb' on input line 1366.
Package xcolor Info: Model `Hsb' substituted by `hsb' on input line 1367.
Package xcolor Info: Model `tHsb' substituted by `hsb' on input line 1368.
Package xcolor Info: Model `HSB' substituted by `hsb' on input line 1369.
Package xcolor Info: Model `Gray' substituted by `gray' on input line 1370.
Package xcolor Info: Model `wave' substituted by `hsb' on input line 1371.
)
runsystem(for ^%i in (pygmentize.exe pygmentize.bat pygmentize.cmd) do set > MachineLearning.aex <nul: /p x=^%~$PATH:i>> MachineLearning.aex)...executed.

runsystem(del MachineLearning.aex)...executed.

 ("c:/Users\Admin\OneDrive\Documents\Machine Learning\Machine Learning Crib Sheet\Machine Learning\MachineLearning.aux")
\openout1 = `MachineLearning.aux'.

LaTeX Font Info:    Checking defaults for OML/cmm/m/it on input line 59.
LaTeX Font Info:    ... okay on input line 59.
LaTeX Font Info:    Checking defaults for T1/cmr/m/n on input line 59.
LaTeX Font Info:    ... okay on input line 59.
LaTeX Font Info:    Checking defaults for OT1/cmr/m/n on input line 59.
LaTeX Font Info:    ... okay on input line 59.
LaTeX Font Info:    Checking defaults for OMS/cmsy/m/n on input line 59.
LaTeX Font Info:    ... okay on input line 59.
LaTeX Font Info:    Checking defaults for OMX/cmex/m/n on input line 59.
LaTeX Font Info:    ... okay on input line 59.
LaTeX Font Info:    Checking defaults for U/cmr/m/n on input line 59.
LaTeX Font Info:    ... okay on input line 59.
LaTeX Font Info:    Checking defaults for PD1/pdf/m/n on input line 59.
LaTeX Font Info:    ... okay on input line 59.

*geometry* driver: auto-detecting
*geometry* detected driver: pdftex
*geometry* verbose mode - [ preamble ] result:
* driver: pdftex
* paper: letterpaper
* layout: <same size as paper>
* layoutoffset:(h,v)=(0.0pt,0.0pt)
* modes: 
* h-part:(L,W,R)=(85.35826pt, 443.57848pt, 85.35826pt)
* v-part:(T,H,B)=(85.35826pt, 624.25346pt, 85.35826pt)
* \paperwidth=614.295pt
* \paperheight=794.96999pt
* \textwidth=443.57848pt
* \textheight=624.25346pt
* \oddsidemargin=13.08827pt
* \evensidemargin=13.08827pt
* \topmargin=-23.91173pt
* \headheight=12.0pt
* \headsep=25.0pt
* \topskip=11.0pt
* \footskip=30.0pt
* \marginparwidth=56.9055pt
* \marginparsep=10.0pt
* \columnsep=10.0pt
* \skip\footins=10.0pt plus 4.0pt minus 2.0pt
* \hoffset=0.0pt
* \voffset=0.0pt
* \mag=1000
* \@twocolumnfalse
* \@twosidefalse
* \@mparswitchfalse
* \@reversemarginfalse
* (1in=72.27pt=25.4mm, 1cm=28.453pt)

Package caption Info: Begin \AtBeginDocument code.
Package caption Info: hyperref package is loaded.
Package caption Info: End \AtBeginDocument code.
("C:\Program Files\MiKTeX 2.9\tex/context/base/mkii\supp-pdf.mkii"
[Loading MPS to PDF converter (version 2006.09.02).]
\scratchcounter=\count149
\scratchdimen=\dimen158
\scratchbox=\box38
\nofMPsegments=\count150
\nofMParguments=\count151
\everyMPshowfont=\toks28
\MPscratchCnt=\count152
\MPscratchDim=\dimen159
\MPnumerator=\count153
\makeMPintoPDFobject=\count154
\everyMPtoPDFconversion=\toks29
) ("C:\Program Files\MiKTeX 2.9\tex/latex/oberdiek\epstopdf-base.sty"
Package: epstopdf-base 2016/05/15 v2.6 Base part for package epstopdf
 ("C:\Program Files\MiKTeX 2.9\tex/latex/oberdiek\grfext.sty"
Package: grfext 2016/05/16 v1.2 Manage graphics extensions (HO)
)
Package epstopdf-base Info: Redefining graphics rule for `.eps' on input line 441.
Package grfext Info: Graphics extension search list:
(grfext)             [.pdf,.png,.jpg,.mps,.jpeg,.jbig2,.jb2,.PDF,.PNG,.JPG,.JPEG,.JBIG2,.JB2,.eps]
(grfext)             \AppendGraphicsExtensions on input line 459.
)
\AtBeginShipoutBox=\box39
Package hyperref Info: Link coloring ON on input line 59.
 ("C:\Program Files\MiKTeX 2.9\tex/latex/hyperref\nameref.sty"
Package: nameref 2019/09/16 v2.46 Cross-referencing by name of section
 ("C:\Program Files\MiKTeX 2.9\tex/latex/oberdiek\refcount.sty"
Package: refcount 2016/05/16 v3.5 Data extraction from label references (HO)
) ("C:\Program Files\MiKTeX 2.9\tex/generic/oberdiek\gettitlestring.sty"
Package: gettitlestring 2016/05/16 v1.5 Cleanup title references (HO)
)
\c@section@level=\count155
)
LaTeX Info: Redefining \ref on input line 59.
LaTeX Info: Redefining \pageref on input line 59.
LaTeX Info: Redefining \nameref on input line 59.
 ("c:/Users\Admin\OneDrive\Documents\Machine Learning\Machine Learning Crib Sheet\Machine Learning\MachineLearning.out") ("c:/Users\Admin\OneDrive\Documents\Machine Learning\Machine Learning Crib Sheet\Machine Learning\MachineLearning.out")
\@outlinefile=\write5
\openout5 = `MachineLearning.out'.

LaTeX Info: Redefining \microtypecontext on input line 59.
Package microtype Info: Generating PDF output.
Package microtype Info: Character protrusion enabled (level 2).
Package microtype Info: Using default protrusion set `alltext'.
Package microtype Info: Automatic font expansion enabled (level 2),
(microtype)             stretch: 20, shrink: 20, step: 1, non-selected.
Package microtype Info: Using default expansion set `basictext'.
LaTeX Info: Redefining \showhyphens on input line 59.
Package microtype Info: No adjustment of tracking.
Package microtype Info: No adjustment of interword spacing.
Package microtype Info: No adjustment of character kerning.
 ("C:\Program Files\MiKTeX 2.9\tex/latex/microtype\mt-cmr.cfg"
File: mt-cmr.cfg 2013/05/19 v2.2 microtype config. file: Computer Modern Roman (RS)
) [1

{C:/Users/Admin/AppData/Local/MiKTeX/2.9/pdftex/config/pdftex.map}]
Underfull \hbox (badness 10000) in paragraph at lines 71--77

 []


Underfull \hbox (badness 10000) in paragraph at lines 78--82

 []

pdfTeX warning (ext4): destination with the same identifier (name{page.1}) has been already used, duplicate ignored
<to be read again> 
                   \relax 
l.89 
      [1] ("c:/Users\Admin\OneDrive\Documents\Machine Learning\Machine Learning Crib Sheet\Machine Learning\MachineLearning.toc"
LaTeX Font Info:    Trying to load font information for U+msa on input line 2.
 ("C:\Program Files\MiKTeX 2.9\tex/latex/amsfonts\umsa.fd"
File: umsa.fd 2013/01/14 v3.01 AMS symbols A
) ("C:\Program Files\MiKTeX 2.9\tex/latex/microtype\mt-msa.cfg"
File: mt-msa.cfg 2006/02/04 v1.1 microtype config. file: AMS symbols (a) (RS)
)
LaTeX Font Info:    Trying to load font information for U+msb on input line 2.
 ("C:\Program Files\MiKTeX 2.9\tex/latex/amsfonts\umsb.fd"
File: umsb.fd 2013/01/14 v3.01 AMS symbols B
) ("C:\Program Files\MiKTeX 2.9\tex/latex/microtype\mt-msb.cfg"
File: mt-msb.cfg 2005/06/01 v1.0 microtype config. file: AMS symbols (b) (RS)
) [2])
\tf@toc=\write6
\openout6 = `MachineLearning.toc'.

 [3] ("c:/Users\Admin\OneDrive\Documents\Machine Learning\Machine Learning Crib Sheet\Machine Learning\Sections/TrainingModels.tex"
LaTeX Font Info:    Trying to load font information for OMS+cmr on input line 13.
 ("C:\Program Files\MiKTeX 2.9\tex/latex/base\omscmr.fd"
File: omscmr.fd 2014/09/29 v2.5h Standard LaTeX font definitions
)
LaTeX Font Info:    Font shape `OMS/cmr/m/n' in size <10.95> not available
(Font)              Font shape `OMS/cmsy/m/n' tried instead on input line 13.

Underfull \hbox (badness 10000) in paragraph at lines 35--40

 []


Underfull \hbox (badness 10000) in paragraph at lines 48--51

 []


Underfull \hbox (badness 10000) in paragraph at lines 52--58

 []

[4]
Underfull \hbox (badness 10000) in paragraph at lines 79--80

 []

\openout4 = `MachineLearning.pyg'.

runsystem(pygmentize -S default -f latex -P commandprefix=PYG > MachineLearning.out.pyg)...executed.

("c:/Users\Admin\OneDrive\Documents\Machine Learning\Machine Learning Crib Sheet\Machine Learning\MachineLearning.out.pyg")
runsystem(pygmentize -S default -f latex -P commandprefix=PYGdefault > MachineLearning.out.pyg)...executed.

 ("c:/Users\Admin\OneDrive\Documents\Machine Learning\Machine Learning Crib Sheet\Machine Learning\MachineLearning.out.pyg")
runsystem(pygmentize -l python -f latex -P commandprefix=PYG -F tokenmerge -o MachineLearning.out.pyg MachineLearning.pyg)...executed.

 ("c:/Users\Admin\OneDrive\Documents\Machine Learning\Machine Learning Crib Sheet\Machine Learning\MachineLearning.out.pyg"
Package microtype Info: Loading generic protrusion settings for font family
(microtype)             `cmtt' (encoding: OT1).
(microtype)             For optimal results, create family-specific settings.
(microtype)             See the microtype manual for details.
)
Underfull \hbox (badness 10000) in paragraph at lines 116--119

 []

[5]
\openout3 = `MachineLearning.pyg'.

runsystem(pygmentize -l python -f latex -P commandprefix=PYG -F tokenmerge -o MachineLearning.out.pyg MachineLearning.pyg)...executed.

 ("c:/Users\Admin\OneDrive\Documents\Machine Learning\Machine Learning Crib Sheet\Machine Learning\MachineLearning.out.pyg"
LaTeX Font Info:    Font shape `OT1/cmtt/bx/n' in size <10.95> not available
(Font)              Font shape `OT1/cmtt/m/n' tried instead on input line 2.
)
\openout4 = `MachineLearning.pyg'.

runsystem(pygmentize -l python -f latex -P commandprefix=PYG -F tokenmerge -o MachineLearning.out.pyg MachineLearning.pyg)...executed.

 ("c:/Users\Admin\OneDrive\Documents\Machine Learning\Machine Learning Crib Sheet\Machine Learning\MachineLearning.out.pyg")
\openout4 = `MachineLearning.pyg'.

runsystem(pygmentize -l python -f latex -P commandprefix=PYG -F tokenmerge -o MachineLearning.out.pyg MachineLearning.pyg)...executed.

 ("c:/Users\Admin\OneDrive\Documents\Machine Learning\Machine Learning Crib Sheet\Machine Learning\MachineLearning.out.pyg")
\openout4 = `MachineLearning.pyg'.

runsystem(pygmentize -l python -f latex -P commandprefix=PYG -F tokenmerge -o MachineLearning.out.pyg MachineLearning.pyg)...executed.

 ("c:/Users\Admin\OneDrive\Documents\Machine Learning\Machine Learning Crib Sheet\Machine Learning\MachineLearning.out.pyg")
\openout4 = `MachineLearning.pyg'.

runsystem(pygmentize -l python -f latex -P commandprefix=PYG -F tokenmerge -o MachineLearning.out.pyg MachineLearning.pyg)...executed.

 ("c:/Users\Admin\OneDrive\Documents\Machine Learning\Machine Learning Crib Sheet\Machine Learning\MachineLearning.out.pyg")
Underfull \hbox (badness 10000) in paragraph at lines 135--141

 []

[6]
Underfull \hbox (badness 10000) in paragraph at lines 178--181

 []


Underfull \hbox (badness 10000) in paragraph at lines 188--192

 []


Underfull \hbox (badness 10000) in paragraph at lines 193--196

 []


Underfull \hbox (badness 10000) in paragraph at lines 197--202

 []


Underfull \hbox (badness 10000) in paragraph at lines 208--213

 []


Underfull \hbox (badness 10000) in paragraph at lines 215--219

 []

[7]
Underfull \hbox (badness 10000) in paragraph at lines 227--231

 []


Underfull \hbox (badness 10000) in paragraph at lines 237--242

 []


Underfull \hbox (badness 10000) in paragraph at lines 251--255

 []


Underfull \hbox (badness 10000) in paragraph at lines 263--268

 []

[8]
Underfull \hbox (badness 10000) in paragraph at lines 305--306

 []


Underfull \hbox (badness 10000) in paragraph at lines 326--327

 []

[9]
Underfull \hbox (badness 10000) in paragraph at lines 328--334

 []


Underfull \hbox (badness 10000) in paragraph at lines 341--345

 []

) ("c:/Users\Admin\OneDrive\Documents\Machine Learning\Machine Learning Crib Sheet\Machine Learning\Sections/Classification.tex"
Underfull \hbox (badness 10000) in paragraph at lines 10--14

 []

\openout3 = `MachineLearning.pyg'.

runsystem(pygmentize -l python -f latex -P commandprefix=PYG -F tokenmerge -o MachineLearning.out.pyg MachineLearning.pyg)...executed.

("c:/Users\Admin\OneDrive\Documents\Machine Learning\Machine Learning Crib Sheet\Machine Learning\MachineLearning.out.pyg" [10])
\openout4 = `MachineLearning.pyg'.

runsystem(pygmentize -l python -f latex -P commandprefix=PYG -F tokenmerge -o MachineLearning.out.pyg MachineLearning.pyg)...executed.

 ("c:/Users\Admin\OneDrive\Documents\Machine Learning\Machine Learning Crib Sheet\Machine Learning\MachineLearning.out.pyg")
\openout4 = `MachineLearning.pyg'.

runsystem(pygmentize -l python -f latex -P commandprefix=PYG -F tokenmerge -o MachineLearning.out.pyg MachineLearning.pyg)...executed.

 ("c:/Users\Admin\OneDrive\Documents\Machine Learning\Machine Learning Crib Sheet\Machine Learning\MachineLearning.out.pyg")
\openout4 = `MachineLearning.pyg'.

runsystem(pygmentize -l python -f latex -P commandprefix=PYG -F tokenmerge -o MachineLearning.out.pyg MachineLearning.pyg)...executed.

 ("c:/Users\Admin\OneDrive\Documents\Machine Learning\Machine Learning Crib Sheet\Machine Learning\MachineLearning.out.pyg")
\openout3 = `MachineLearning.pyg'.

runsystem(pygmentize -l python -f latex -P commandprefix=PYG -F tokenmerge -o MachineLearning.out.pyg MachineLearning.pyg)...executed.

 ("c:/Users\Admin\OneDrive\Documents\Machine Learning\Machine Learning Crib Sheet\Machine Learning\MachineLearning.out.pyg")
Underfull \hbox (badness 10000) in paragraph at lines 51--56

 []

\openout3 = `MachineLearning.pyg'.

runsystem(pygmentize -l python -f latex -P commandprefix=PYG -F tokenmerge -o MachineLearning.out.pyg MachineLearning.pyg)...executed.

("c:/Users\Admin\OneDrive\Documents\Machine Learning\Machine Learning Crib Sheet\Machine Learning\MachineLearning.out.pyg")
Underfull \hbox (badness 10000) in paragraph at lines 73--75

 []

\openout3 = `MachineLearning.pyg'.

runsystem(pygmentize -l python -f latex -P commandprefix=PYG -F tokenmerge -o MachineLearning.out.pyg MachineLearning.pyg)...executed.

("c:/Users\Admin\OneDrive\Documents\Machine Learning\Machine Learning Crib Sheet\Machine Learning\MachineLearning.out.pyg" [11])
\openout4 = `MachineLearning.pyg'.

runsystem(pygmentize -l python -f latex -P commandprefix=PYG -F tokenmerge -o MachineLearning.out.pyg MachineLearning.pyg)...executed.

 ("c:/Users\Admin\OneDrive\Documents\Machine Learning\Machine Learning Crib Sheet\Machine Learning\MachineLearning.out.pyg")
Underfull \hbox (badness 10000) in paragraph at lines 84--88

 []

\openout3 = `MachineLearning.pyg'.

runsystem(pygmentize -l python -f latex -P commandprefix=PYG -F tokenmerge -o MachineLearning.out.pyg MachineLearning.pyg)...executed.

("c:/Users\Admin\OneDrive\Documents\Machine Learning\Machine Learning Crib Sheet\Machine Learning\MachineLearning.out.pyg")
Underfull \hbox (badness 10000) in paragraph at lines 111--114

 []

\openout4 = `MachineLearning.pyg'.

runsystem(pygmentize -l python -f latex -P commandprefix=PYG -F tokenmerge -o MachineLearning.out.pyg MachineLearning.pyg)...executed.

("c:/Users\Admin\OneDrive\Documents\Machine Learning\Machine Learning Crib Sheet\Machine Learning\MachineLearning.out.pyg")
\openout4 = `MachineLearning.pyg'.

runsystem(pygmentize -l python -f latex -P commandprefix=PYG -F tokenmerge -o MachineLearning.out.pyg MachineLearning.pyg)...executed.

 ("c:/Users\Admin\OneDrive\Documents\Machine Learning\Machine Learning Crib Sheet\Machine Learning\MachineLearning.out.pyg")
\openout4 = `MachineLearning.pyg'.

runsystem(pygmentize -l python -f latex -P commandprefix=PYG -F tokenmerge -o MachineLearning.out.pyg MachineLearning.pyg)...executed.

 ("c:/Users\Admin\OneDrive\Documents\Machine Learning\Machine Learning Crib Sheet\Machine Learning\MachineLearning.out.pyg")
\openout3 = `MachineLearning.pyg'.

runsystem(pygmentize -l python -f latex -P commandprefix=PYG -F tokenmerge -o MachineLearning.out.pyg MachineLearning.pyg)...executed.

 ("c:/Users\Admin\OneDrive\Documents\Machine Learning\Machine Learning Crib Sheet\Machine Learning\MachineLearning.out.pyg") [12]
\openout3 = `MachineLearning.pyg'.

runsystem(pygmentize -l python -f latex -P commandprefix=PYG -F tokenmerge -o MachineLearning.out.pyg MachineLearning.pyg)...executed.

 ("c:/Users\Admin\OneDrive\Documents\Machine Learning\Machine Learning Crib Sheet\Machine Learning\MachineLearning.out.pyg")
Underfull \hbox (badness 10000) in paragraph at lines 152--156

 []


Underfull \hbox (badness 10000) in paragraph at lines 164--167

 []

\openout4 = `MachineLearning.pyg'.

runsystem(pygmentize -l python -f latex -P commandprefix=PYG -F tokenmerge -o MachineLearning.out.pyg MachineLearning.pyg)...executed.

("c:/Users\Admin\OneDrive\Documents\Machine Learning\Machine Learning Crib Sheet\Machine Learning\MachineLearning.out.pyg")
\openout3 = `MachineLearning.pyg'.

runsystem(pygmentize -l python -f latex -P commandprefix=PYG -F tokenmerge -o MachineLearning.out.pyg MachineLearning.pyg)...executed.

 ("c:/Users\Admin\OneDrive\Documents\Machine Learning\Machine Learning Crib Sheet\Machine Learning\MachineLearning.out.pyg" [13])
\openout4 = `MachineLearning.pyg'.

runsystem(pygmentize -l python -f latex -P commandprefix=PYG -F tokenmerge -o MachineLearning.out.pyg MachineLearning.pyg)...executed.

 ("c:/Users\Admin\OneDrive\Documents\Machine Learning\Machine Learning Crib Sheet\Machine Learning\MachineLearning.out.pyg")
Underfull \hbox (badness 10000) in paragraph at lines 190--194

 []

<Images/ConfusionMatrix.PNG, id=325, 644.4075pt x 314.46054pt>
File: Images/ConfusionMatrix.PNG Graphic file (type png)
<use Images/ConfusionMatrix.PNG>
Package pdftex.def Info: Images/ConfusionMatrix.PNG  used on input line 241.
(pdftex.def)             Requested size: 418.85991pt x 204.39691pt.
[14] [15 <c:/Users/Admin/OneDrive/Documents/Machine Learning/Machine Learning Crib Sheet/Machine Learning/Images/ConfusionMatrix.PNG>]
\openout3 = `MachineLearning.pyg'.

runsystem(pygmentize -l python -f latex -P commandprefix=PYG -F tokenmerge -o MachineLearning.out.pyg MachineLearning.pyg)...executed.

 ("c:/Users\Admin\OneDrive\Documents\Machine Learning\Machine Learning Crib Sheet\Machine Learning\MachineLearning.out.pyg")
Underfull \hbox (badness 10000) in paragraph at lines 260--265

 []

\openout4 = `MachineLearning.pyg'.

runsystem(pygmentize -l python -f latex -P commandprefix=PYG -F tokenmerge -o MachineLearning.out.pyg MachineLearning.pyg)...executed.

("c:/Users\Admin\OneDrive\Documents\Machine Learning\Machine Learning Crib Sheet\Machine Learning\MachineLearning.out.pyg")
\openout3 = `MachineLearning.pyg'.

runsystem(pygmentize -l python -f latex -P commandprefix=PYG -F tokenmerge -o MachineLearning.out.pyg MachineLearning.pyg)...executed.

 ("c:/Users\Admin\OneDrive\Documents\Machine Learning\Machine Learning Crib Sheet\Machine Learning\MachineLearning.out.pyg")
Underfull \hbox (badness 10000) in paragraph at lines 282--286

 []


Underfull \hbox (badness 10000) in paragraph at lines 293--298

 []


Underfull \hbox (badness 10000) in paragraph at lines 306--311

 []

[16]
Underfull \hbox (badness 10000) in paragraph at lines 325--330

 []

) ("c:/Users\Admin\OneDrive\Documents\Machine Learning\Machine Learning Crib Sheet\Machine Learning\Sections/SVM.tex" [17]
Underfull \hbox (badness 10000) in paragraph at lines 27--28

 []

<Images/svm_DecisionFunc.PNG, id=349, 631.07196pt x 353.60678pt>
File: Images/svm_DecisionFunc.PNG Graphic file (type png)
<use Images/svm_DecisionFunc.PNG>
Package pdftex.def Info: Images/svm_DecisionFunc.PNG  used on input line 35.
(pdftex.def)             Requested size: 410.19191pt x 229.84167pt.
<Images/weightVec.PNG, id=350, 628.49089pt x 218.53072pt>
File: Images/weightVec.PNG Graphic file (type png)
<use Images/weightVec.PNG>
Package pdftex.def Info: Images/weightVec.PNG  used on input line 51.
(pdftex.def)             Requested size: 408.51424pt x 142.04327pt.
[18 <c:/Users/Admin/OneDrive/Documents/Machine Learning/Machine Learning Crib Sheet/Machine Learning/Images/svm_DecisionFunc.PNG>]
Underfull \hbox (badness 10000) in paragraph at lines 53--57

 []


Underfull \hbox (badness 10000) in paragraph at lines 58--62

 []


Underfull \hbox (badness 10000) in paragraph at lines 72--73

 []


Underfull \hbox (badness 10000) in paragraph at lines 74--79

 []

\openout4 = `MachineLearning.pyg'.

runsystem(pygmentize -l python -f latex -P commandprefix=PYG -F tokenmerge -o MachineLearning.out.pyg MachineLearning.pyg)...executed.

("c:/Users\Admin\OneDrive\Documents\Machine Learning\Machine Learning Crib Sheet\Machine Learning\MachineLearning.out.pyg")
Underfull \hbox (badness 10000) in paragraph at lines 105--109

 []

[19 <c:/Users/Admin/OneDrive/Documents/Machine Learning/Machine Learning Crib Sheet/Machine Learning/Images/weightVec.PNG>]
Underfull \hbox (badness 10000) in paragraph at lines 126--127

 []


Underfull \hbox (badness 10000) in paragraph at lines 128--132

 []


Underfull \hbox (badness 10000) in paragraph at lines 153--154

 []


Underfull \hbox (badness 10000) in paragraph at lines 155--160

 []

[20]
Underfull \hbox (badness 10000) in paragraph at lines 161--165

 []


Underfull \hbox (badness 10000) in paragraph at lines 176--177

 []


Underfull \hbox (badness 10000) in paragraph at lines 192--197

 []

[21]
Underfull \hbox (badness 10000) in paragraph at lines 221--222

 []


Underfull \hbox (badness 10000) in paragraph at lines 223--226

 []


Underfull \hbox (badness 10000) in paragraph at lines 262--263

 []

[22]
Underfull \hbox (badness 10000) in paragraph at lines 302--306

 []


Underfull \hbox (badness 10000) in paragraph at lines 307--317

 []


Underfull \hbox (badness 10000) in paragraph at lines 331--332

 []


Underfull \hbox (badness 10000) in paragraph at lines 333--342

 []


Underfull \hbox (badness 10000) in paragraph at lines 343--346

 []

[23]
Underfull \hbox (badness 10000) in paragraph at lines 377--381

 []


Underfull \hbox (badness 10000) in paragraph at lines 382--386

 []

[24pdfTeX warning (ext4): destination with the same identifier (name{equation.3.1}) has been already used, duplicate ignored

\AtBegShi@Output ...ipout \box \AtBeginShipoutBox 
                                                  \fi \fi 
l.390 
      ]
Underfull \hbox (badness 10000) in paragraph at lines 393--396

 []


Underfull \hbox (badness 10000) in paragraph at lines 413--416

 []

\openout4 = `MachineLearning.pyg'.

runsystem(pygmentize -l python -f latex -P commandprefix=PYG -F tokenmerge -o MachineLearning.out.pyg MachineLearning.pyg)...executed.

("c:/Users\Admin\OneDrive\Documents\Machine Learning\Machine Learning Crib Sheet\Machine Learning\MachineLearning.out.pyg")
\openout4 = `MachineLearning.pyg'.

runsystem(pygmentize -l python -f latex -P commandprefix=PYG -F tokenmerge -o MachineLearning.out.pyg MachineLearning.pyg)...executed.

 ("c:/Users\Admin\OneDrive\Documents\Machine Learning\Machine Learning Crib Sheet\Machine Learning\MachineLearning.out.pyg")
\openout4 = `MachineLearning.pyg'.

runsystem(pygmentize -l python -f latex -P commandprefix=PYG -F tokenmerge -o MachineLearning.out.pyg MachineLearning.pyg)...executed.

 ("c:/Users\Admin\OneDrive\Documents\Machine Learning\Machine Learning Crib Sheet\Machine Learning\MachineLearning.out.pyg")
\openout3 = `MachineLearning.pyg'.

runsystem(pygmentize -l python -f latex -P commandprefix=PYG -F tokenmerge -o MachineLearning.out.pyg MachineLearning.pyg)...executed.

 ("c:/Users\Admin\OneDrive\Documents\Machine Learning\Machine Learning Crib Sheet\Machine Learning\MachineLearning.out.pyg" [25])
\openout4 = `MachineLearning.pyg'.

runsystem(pygmentize -l python -f latex -P commandprefix=PYG -F tokenmerge -o MachineLearning.out.pyg MachineLearning.pyg)...executed.

 ("c:/Users\Admin\OneDrive\Documents\Machine Learning\Machine Learning Crib Sheet\Machine Learning\MachineLearning.out.pyg")
\openout4 = `MachineLearning.pyg'.

runsystem(pygmentize -l python -f latex -P commandprefix=PYG -F tokenmerge -o MachineLearning.out.pyg MachineLearning.pyg)...executed.

 ("c:/Users\Admin\OneDrive\Documents\Machine Learning\Machine Learning Crib Sheet\Machine Learning\MachineLearning.out.pyg")
\openout4 = `MachineLearning.pyg'.

runsystem(pygmentize -l python -f latex -P commandprefix=PYG -F tokenmerge -o MachineLearning.out.pyg MachineLearning.pyg)...executed.

 ("c:/Users\Admin\OneDrive\Documents\Machine Learning\Machine Learning Crib Sheet\Machine Learning\MachineLearning.out.pyg")
Underfull \hbox (badness 10000) in paragraph at lines 457--462

 []

<Images/linearSeparable.PNG, id=397, 938.75719pt x 359.09157pt>
File: Images/linearSeparable.PNG Graphic file (type png)
<use Images/linearSeparable.PNG>
Package pdftex.def Info: Images/linearSeparable.PNG  used on input line 463.
(pdftex.def)             Requested size: 422.43683pt x 161.5897pt.
\openout4 = `MachineLearning.pyg'.

runsystem(pygmentize -l python -f latex -P commandprefix=PYG -F tokenmerge -o MachineLearning.out.pyg MachineLearning.pyg)...executed.

("c:/Users\Admin\OneDrive\Documents\Machine Learning\Machine Learning Crib Sheet\Machine Learning\MachineLearning.out.pyg")
\openout4 = `MachineLearning.pyg'.

runsystem(pygmentize -l python -f latex -P commandprefix=PYG -F tokenmerge -o MachineLearning.out.pyg MachineLearning.pyg)...executed.

 ("c:/Users\Admin\OneDrive\Documents\Machine Learning\Machine Learning Crib Sheet\Machine Learning\MachineLearning.out.pyg")
\openout4 = `MachineLearning.pyg'.

runsystem(pygmentize -l python -f latex -P commandprefix=PYG -F tokenmerge -o MachineLearning.out.pyg MachineLearning.pyg)...executed.

 ("c:/Users\Admin\OneDrive\Documents\Machine Learning\Machine Learning Crib Sheet\Machine Learning\MachineLearning.out.pyg")
\openout4 = `MachineLearning.pyg'.

runsystem(pygmentize -l python -f latex -P commandprefix=PYG -F tokenmerge -o MachineLearning.out.pyg MachineLearning.pyg)...executed.

 ("c:/Users\Admin\OneDrive\Documents\Machine Learning\Machine Learning Crib Sheet\Machine Learning\MachineLearning.out.pyg")
Overfull \hbox (6.1373pt too wide) in paragraph at lines 465--470
\OT1/cmr/m/n/10.95 (-20) To im-ple-ment this us-ing Scikit-Learn, we can cre-ate a [] con-tain-ing []
 []

\openout3 = `MachineLearning.pyg'.

runsystem(pygmentize -l python -f latex -P commandprefix=PYG -F tokenmerge -o MachineLearning.out.pyg MachineLearning.pyg)...executed.

("c:/Users\Admin\OneDrive\Documents\Machine Learning\Machine Learning Crib Sheet\Machine Learning\MachineLearning.out.pyg" [26 <c:/Users/Admin/OneDrive/Documents/Machine Learning/Machine Learning Crib Sheet/Machine Learning/Images/linearSeparable.PNG>])
Underfull \hbox (badness 10000) in paragraph at lines 486--488

 []

<Images/nonlinearSVM.PNG, id=403, 944.02687pt x 618.81187pt>
File: Images/nonlinearSVM.PNG Graphic file (type png)
<use Images/nonlinearSVM.PNG>
Package pdftex.def Info: Images/nonlinearSVM.PNG  used on input line 489.
(pdftex.def)             Requested size: 377.60405pt x 247.52036pt.

Underfull \hbox (badness 10000) in paragraph at lines 493--496

 []

\openout4 = `MachineLearning.pyg'.

runsystem(pygmentize -l python -f latex -P commandprefix=PYG -F tokenmerge -o MachineLearning.out.pyg MachineLearning.pyg)...executed.

("c:/Users\Admin\OneDrive\Documents\Machine Learning\Machine Learning Crib Sheet\Machine Learning\MachineLearning.out.pyg")
\openout3 = `MachineLearning.pyg'.

runsystem(pygmentize -l python -f latex -P commandprefix=PYG -F tokenmerge -o MachineLearning.out.pyg MachineLearning.pyg)...executed.

 ("c:/Users\Admin\OneDrive\Documents\Machine Learning\Machine Learning Crib Sheet\Machine Learning\MachineLearning.out.pyg" [27 <c:/Users/Admin/OneDrive/Documents/Machine Learning/Machine Learning Crib Sheet/Machine Learning/Images/nonlinearSVM.PNG>])
Underfull \hbox (badness 10000) in paragraph at lines 512--515

 []

\openout4 = `MachineLearning.pyg'.

runsystem(pygmentize -l python -f latex -P commandprefix=PYG -F tokenmerge -o MachineLearning.out.pyg MachineLearning.pyg)...executed.

("c:/Users\Admin\OneDrive\Documents\Machine Learning\Machine Learning Crib Sheet\Machine Learning\MachineLearning.out.pyg")
Underfull \hbox (badness 10000) in paragraph at lines 516--520

 []

<Images/polyKernel.PNG, id=409, 939.51pt x 352.31625pt>
File: Images/polyKernel.PNG Graphic file (type png)
<use Images/polyKernel.PNG>
Package pdftex.def Info: Images/polyKernel.PNG  used on input line 521.
(pdftex.def)             Requested size: 422.77559pt x 158.54083pt.
\openout4 = `MachineLearning.pyg'.

runsystem(pygmentize -l python -f latex -P commandprefix=PYG -F tokenmerge -o MachineLearning.out.pyg MachineLearning.pyg)...executed.

("c:/Users\Admin\OneDrive\Documents\Machine Learning\Machine Learning Crib Sheet\Machine Learning\MachineLearning.out.pyg")
\openout3 = `MachineLearning.pyg'.

runsystem(pygmentize -l python -f latex -P commandprefix=PYG -F tokenmerge -o MachineLearning.out.pyg MachineLearning.pyg)...executed.

 ("c:/Users\Admin\OneDrive\Documents\Machine Learning\Machine Learning Crib Sheet\Machine Learning\MachineLearning.out.pyg")
\openout4 = `MachineLearning.pyg'.

runsystem(pygmentize -l python -f latex -P commandprefix=PYG -F tokenmerge -o MachineLearning.out.pyg MachineLearning.pyg)...executed.

 ("c:/Users\Admin\OneDrive\Documents\Machine Learning\Machine Learning Crib Sheet\Machine Learning\MachineLearning.out.pyg")
\openout4 = `MachineLearning.pyg'.

runsystem(pygmentize -l python -f latex -P commandprefix=PYG -F tokenmerge -o MachineLearning.out.pyg MachineLearning.pyg)...executed.

 ("c:/Users\Admin\OneDrive\Documents\Machine Learning\Machine Learning Crib Sheet\Machine Learning\MachineLearning.out.pyg")
\openout4 = `MachineLearning.pyg'.

runsystem(pygmentize -l python -f latex -P commandprefix=PYG -F tokenmerge -o MachineLearning.out.pyg MachineLearning.pyg)...executed.

 ("c:/Users\Admin\OneDrive\Documents\Machine Learning\Machine Learning Crib Sheet\Machine Learning\MachineLearning.out.pyg")
\openout4 = `MachineLearning.pyg'.

runsystem(pygmentize -l python -f latex -P commandprefix=PYG -F tokenmerge -o MachineLearning.out.pyg MachineLearning.pyg)...executed.

 ("c:/Users\Admin\OneDrive\Documents\Machine Learning\Machine Learning Crib Sheet\Machine Learning\MachineLearning.out.pyg")
Underfull \hbox (badness 10000) in paragraph at lines 542--549

 []

[28 <c:/Users/Admin/OneDrive/Documents/Machine Learning/Machine Learning Crib Sheet/Machine Learning/Images/polyKernel.PNG>]
<Images/rbfKernel.PNG, id=415, 949.29657pt x 618.05907pt>
File: Images/rbfKernel.PNG Graphic file (type png)
<use Images/rbfKernel.PNG>
Package pdftex.def Info: Images/rbfKernel.PNG  used on input line 550.
(pdftex.def)             Requested size: 427.1795pt x 278.12401pt.

Overfull \hbox (0.60103pt too wide) in paragraph at lines 550--551
[][] 
 []


Underfull \hbox (badness 10000) in paragraph at lines 552--556

 []

\openout4 = `MachineLearning.pyg'.

runsystem(pygmentize -l python -f latex -P commandprefix=PYG -F tokenmerge -o MachineLearning.out.pyg MachineLearning.pyg)...executed.

("c:/Users\Admin\OneDrive\Documents\Machine Learning\Machine Learning Crib Sheet\Machine Learning\MachineLearning.out.pyg")
\openout4 = `MachineLearning.pyg'.

runsystem(pygmentize -l python -f latex -P commandprefix=PYG -F tokenmerge -o MachineLearning.out.pyg MachineLearning.pyg)...executed.

 ("c:/Users\Admin\OneDrive\Documents\Machine Learning\Machine Learning Crib Sheet\Machine Learning\MachineLearning.out.pyg")) ("c:/Users\Admin\OneDrive\Documents\Machine Learning\Machine Learning Crib Sheet\Machine Learning\Sections/EnsembleLearning.tex") ("c:/Users\Admin\OneDrive\Documents\Machine Learning\Machine Learning Crib Sheet\Machine Learning\Sections/DimensionReduction.tex"
Underfull \hbox (badness 10000) in paragraph at lines 4--7

 []

[29 <c:/Users/Admin/OneDrive/Documents/Machine Learning/Machine Learning Crib Sheet/Machine Learning/Images/rbfKernel.PNG>]
Underfull \hbox (badness 10000) in paragraph at lines 8--13

 []


Underfull \hbox (badness 10000) in paragraph at lines 21--24

 []


Underfull \hbox (badness 10000) in paragraph at lines 42--47

 []

[30]
Underfull \hbox (badness 10000) in paragraph at lines 58--62

 []


Underfull \hbox (badness 10000) in paragraph at lines 71--76

 []


Underfull \hbox (badness 10000) in paragraph at lines 91--95

 []

[31]
Underfull \hbox (badness 10000) in paragraph at lines 96--100

 []


Underfull \hbox (badness 10000) in paragraph at lines 101--109

 []

\openout4 = `MachineLearning.pyg'.

runsystem(pygmentize -l python -f latex -P commandprefix=PYG -F tokenmerge -o MachineLearning.out.pyg MachineLearning.pyg)...executed.

("c:/Users\Admin\OneDrive\Documents\Machine Learning\Machine Learning Crib Sheet\Machine Learning\MachineLearning.out.pyg")
\openout3 = `MachineLearning.pyg'.

runsystem(pygmentize -l python -f latex -P commandprefix=PYG -F tokenmerge -o MachineLearning.out.pyg MachineLearning.pyg)...executed.

 ("c:/Users\Admin\OneDrive\Documents\Machine Learning\Machine Learning Crib Sheet\Machine Learning\MachineLearning.out.pyg")
Underfull \hbox (badness 10000) in paragraph at lines 143--146

 []

[32]
\openout3 = `MachineLearning.pyg'.

runsystem(pygmentize -l python -f latex -P commandprefix=PYG -F tokenmerge -o MachineLearning.out.pyg MachineLearning.pyg)...executed.

 ("c:/Users\Admin\OneDrive\Documents\Machine Learning\Machine Learning Crib Sheet\Machine Learning\MachineLearning.out.pyg")
\openout4 = `MachineLearning.pyg'.

runsystem(pygmentize -l python -f latex -P commandprefix=PYG -F tokenmerge -o MachineLearning.out.pyg MachineLearning.pyg)...executed.

 ("c:/Users\Admin\OneDrive\Documents\Machine Learning\Machine Learning Crib Sheet\Machine Learning\MachineLearning.out.pyg")
Underfull \hbox (badness 10000) in paragraph at lines 169--171

 []

\openout3 = `MachineLearning.pyg'.

runsystem(pygmentize -l python -f latex -P commandprefix=PYG -F tokenmerge -o MachineLearning.out.pyg MachineLearning.pyg)...executed.

("c:/Users\Admin\OneDrive\Documents\Machine Learning\Machine Learning Crib Sheet\Machine Learning\MachineLearning.out.pyg")
\openout4 = `MachineLearning.pyg'.

runsystem(pygmentize -l python -f latex -P commandprefix=PYG -F tokenmerge -o MachineLearning.out.pyg MachineLearning.pyg)...executed.

 ("c:/Users\Admin\OneDrive\Documents\Machine Learning\Machine Learning Crib Sheet\Machine Learning\MachineLearning.out.pyg")
\openout4 = `MachineLearning.pyg'.

runsystem(pygmentize -l python -f latex -P commandprefix=PYG -F tokenmerge -o MachineLearning.out.pyg MachineLearning.pyg)...executed.

 ("c:/Users\Admin\OneDrive\Documents\Machine Learning\Machine Learning Crib Sheet\Machine Learning\MachineLearning.out.pyg")
\openout4 = `MachineLearning.pyg'.

runsystem(pygmentize -l python -f latex -P commandprefix=PYG -F tokenmerge -o MachineLearning.out.pyg MachineLearning.pyg)...executed.

 ("c:/Users\Admin\OneDrive\Documents\Machine Learning\Machine Learning Crib Sheet\Machine Learning\MachineLearning.out.pyg")
Underfull \hbox (badness 10000) in paragraph at lines 182--186

 []

\openout4 = `MachineLearning.pyg'.

runsystem(pygmentize -l python -f latex -P commandprefix=PYG -F tokenmerge -o MachineLearning.out.pyg MachineLearning.pyg)...executed.

("c:/Users\Admin\OneDrive\Documents\Machine Learning\Machine Learning Crib Sheet\Machine Learning\MachineLearning.out.pyg")
\openout4 = `MachineLearning.pyg'.

runsystem(pygmentize -l python -f latex -P commandprefix=PYG -F tokenmerge -o MachineLearning.out.pyg MachineLearning.pyg)...executed.

 ("c:/Users\Admin\OneDrive\Documents\Machine Learning\Machine Learning Crib Sheet\Machine Learning\MachineLearning.out.pyg")
Overfull \hbox (4.89078pt too wide) in paragraph at lines 187--191
\OT1/cmr/m/n/10.95 (-20) A use-ful vari-able that is pro-vided by Scikit-Learn's [] class is the []
 []

\openout3 = `MachineLearning.pyg'.

runsystem(pygmentize -l python -f latex -P commandprefix=PYG -F tokenmerge -o MachineLearning.out.pyg MachineLearning.pyg)...executed.

("c:/Users\Admin\OneDrive\Documents\Machine Learning\Machine Learning Crib Sheet\Machine Learning\MachineLearning.out.pyg" [33])
\openout4 = `MachineLearning.pyg'.

runsystem(pygmentize -l python -f latex -P commandprefix=PYG -F tokenmerge -o MachineLearning.out.pyg MachineLearning.pyg)...executed.

 ("c:/Users\Admin\OneDrive\Documents\Machine Learning\Machine Learning Crib Sheet\Machine Learning\MachineLearning.out.pyg")
\openout4 = `MachineLearning.pyg'.

runsystem(pygmentize -l python -f latex -P commandprefix=PYG -F tokenmerge -o MachineLearning.out.pyg MachineLearning.pyg)...executed.

 ("c:/Users\Admin\OneDrive\Documents\Machine Learning\Machine Learning Crib Sheet\Machine Learning\MachineLearning.out.pyg")
\openout3 = `MachineLearning.pyg'.

runsystem(pygmentize -l python -f latex -P commandprefix=PYG -F tokenmerge -o MachineLearning.out.pyg MachineLearning.pyg)...executed.

 ("c:/Users\Admin\OneDrive\Documents\Machine Learning\Machine Learning Crib Sheet\Machine Learning\MachineLearning.out.pyg")) ("c:/Users\Admin\OneDrive\Documents\Machine Learning\Machine Learning Crib Sheet\Machine Learning\Sections/UnsupervisedLearning.tex")
Package atveryend Info: Empty hook `BeforeClearDocument' on input line 106.
 [34]
Package atveryend Info: Empty hook `AfterLastShipout' on input line 106.
 ("c:/Users\Admin\OneDrive\Documents\Machine Learning\Machine Learning Crib Sheet\Machine Learning\MachineLearning.aux")
Package atveryend Info: Executing hook `AtVeryEndDocument' on input line 106.
Package atveryend Info: Executing hook `AtEndAfterFileList' on input line 106.
Package rerunfilecheck Info: File `MachineLearning.out' has not changed.
(rerunfilecheck)             Checksum: BDDC1D2BEF0D010D8BEC2A3D7C49F28F;3489.
runsystem(del MachineLearning.pyg)...executed.

runsystem(del MachineLearning.out.pyg)...executed.

 ) 
Here is how much of TeX's memory you used:
 14094 strings out of 492450
 246433 string characters out of 3129748
 409672 words of memory out of 3000000
 17820 multiletter control sequences out of 15000+200000
 18776 words of font info for 119 fonts, out of 3000000 for 9000
 1141 hyphenation exceptions out of 8191
 47i,19n,42p,974b,572s stack positions out of 5000i,500n,10000p,200000b,50000s
<C:/Program Files/MiKTeX 2.9/fonts/type1/public/amsfonts/cm/cmbx10.pfb><C:/Program Files/MiKTeX 2.9/fonts/type1/public/amsfonts/cm/cmbx12.pfb><C:/Program Files/MiKTeX 2.9/fonts/type1/public/amsfonts/cm/cmbx8.pfb><C:/Program Files/MiKTeX 2.9/fonts/type1/public/amsfonts/cm/cmcsc10.pfb><C:/Program Files/MiKTeX 2.9/fonts/type1/public/amsfonts/cm/cmex10.pfb><C:/Program Files/MiKTeX 2.9/fonts/type1/public/amsfonts/cm/cmitt10.pfb><C:/Program Files/MiKTeX 2.9/fonts/type1/public/amsfonts/cm/cmmi10.pfb><C:/Program Files/MiKTeX 2.9/fonts/type1/public/amsfonts/cm/cmmi6.pfb><C:/Program Files/MiKTeX 2.9/fonts/type1/public/amsfonts/cm/cmmi8.pfb><C:/Program Files/MiKTeX 2.9/fonts/type1/public/amsfonts/cm/cmmib10.pfb><C:/Program Files/MiKTeX 2.9/fonts/type1/public/amsfonts/cm/cmr10.pfb><C:/Program Files/MiKTeX 2.9/fonts/type1/public/amsfonts/cm/cmr12.pfb><C:/Program Files/MiKTeX 2.9/fonts/type1/public/amsfonts/cm/cmr6.pfb><C:/Program Files/MiKTeX 2.9/fonts/type1/public/amsfonts/cm/cmr8.pfb><C:/Program Files/MiKTeX 2.9/fonts/type1/public/amsfonts/cm/cmsy10.pfb><C:/Program Files/MiKTeX 2.9/fonts/type1/public/amsfonts/cm/cmsy8.pfb><C:/Program Files/MiKTeX 2.9/fonts/type1/public/amsfonts/cm/cmti10.pfb><C:/Program Files/MiKTeX 2.9/fonts/type1/public/amsfonts/cm/cmtt10.pfb><C:/Program Files/MiKTeX 2.9/fonts/type1/public/amsfonts/symbols/msam10.pfb>
Output written on "c:/Users\Admin\OneDrive\Documents\Machine Learning\Machine Learning Crib Sheet\Machine Learning\MachineLearning.pdf" (35 pages, 1645940 bytes).
PDF statistics:
 529 PDF objects out of 1000 (max. 8388607)
 104 named destinations out of 1000 (max. 500000)
 14756 words of extra memory for PDF output out of 17280 (max. 10000000)

